{
  "RSpec": {
    "coverage": {
      "/Users/ruthbrand/turing/2module2.0/projects/LaughTracks/spec/features/new_comedian_page_spec.rb": [
        1,
        1,
        1,
        null,
        1,
        null,
        null,
        1,
        1,
        1,
        1,
        null,
        null,
        null,
        1,
        1,
        null,
        1,
        1,
        1,
        1,
        null,
        0,
        0,
        0,
        0,
        null,
        null,
        null,
        null,
        null
      ],
      "/Users/ruthbrand/turing/2module2.0/projects/LaughTracks/spec/features/user_can_see_comedian_page_spec.rb": [
        1,
        1,
        1,
        1,
        0,
        null,
        0,
        0,
        null,
        null,
        null,
        1,
        1,
        null,
        0,
        null,
        0,
        0,
        null,
        null,
        null,
        1,
        1,
        0,
        0,
        null,
        0,
        null,
        0,
        0,
        0,
        null,
        null,
        null,
        1,
        1,
        0,
        0,
        null,
        0,
        null,
        0,
        0,
        0,
        null,
        null,
        null,
        1,
        null,
        1,
        0,
        null,
        null,
        0,
        0,
        0,
        null,
        0,
        0,
        null,
        0,
        null,
        0,
        0,
        0,
        null,
        null,
        null,
        null,
        1,
        1,
        0,
        0,
        null,
        0,
        null,
        0,
        0,
        0,
        null,
        null,
        null,
        1,
        1,
        0,
        null,
        0,
        null,
        0,
        0,
        0,
        null,
        null,
        null,
        null,
        null,
        null,
        1,
        1,
        1,
        1,
        0,
        null,
        0,
        0,
        0,
        0,
        null,
        null,
        null,
        1,
        1,
        0,
        null,
        null,
        0,
        0,
        0,
        null,
        0,
        0,
        null,
        0,
        null,
        0,
        0,
        null,
        null,
        null,
        1,
        1,
        0,
        null,
        0,
        null,
        0,
        0,
        null,
        null,
        null,
        1,
        null,
        1,
        0,
        null,
        0,
        0,
        0,
        null,
        0,
        0,
        null,
        0,
        null,
        0,
        0,
        null,
        null,
        null,
        1,
        1,
        0,
        null,
        0,
        0,
        0,
        null,
        0,
        0,
        null,
        0,
        null,
        0,
        0,
        null,
        null,
        null,
        null,
        null
      ],
      "/Users/ruthbrand/turing/2module2.0/projects/LaughTracks/spec/models/comedian_spec.rb": [
        1,
        1,
        1,
        1,
        1,
        0,
        null,
        null,
        1,
        1,
        1,
        null,
        null,
        1,
        1,
        0,
        null,
        null,
        null,
        null,
        1,
        1,
        1,
        1,
        0,
        null,
        0,
        0,
        null,
        0,
        null,
        null,
        1,
        1,
        0,
        null,
        0,
        null,
        0,
        null,
        0,
        null,
        null,
        null,
        null,
        null,
        null,
        null,
        null,
        null,
        null,
        null,
        null,
        null,
        null,
        null,
        null,
        null,
        null,
        null,
        null,
        null,
        null,
        null,
        null,
        null,
        null,
        null,
        null,
        null
      ],
      "/Users/ruthbrand/turing/2module2.0/projects/LaughTracks/spec/models/special_spec.rb": [
        1,
        1,
        1,
        1,
        1,
        0,
        null,
        null,
        1,
        1,
        1,
        null,
        null,
        null,
        1,
        1,
        1,
        null,
        1,
        0,
        null,
        0,
        0,
        0,
        null,
        0,
        0,
        null,
        0,
        0,
        null,
        0,
        null,
        null,
        null,
        null,
        null,
        null
      ]
    },
    "timestamp": 1548638440
  }
}
